{
  "RSpec": {
    "coverage": {
      "/Users/Jeremyrrsmith/Coding-Projects/Training_Exercises/bowling_scorecard/spec/features_spec.rb": [
        1,
        null,
        1,
        1,
        1,
        1,
        1,
        null,
        null,
        1,
        1,
        1,
        1,
        1,
        1,
        null,
        null
      ],
      "/Users/Jeremyrrsmith/Coding-Projects/Training_Exercises/bowling_scorecard/lib/Game.rb": [
        null,
        1,
        1,
        5,
        null,
        5,
        5,
        null,
        null,
        1,
        4,
        null,
        null,
        1,
        1,
        null,
        null,
        1,
        8,
        8,
        8,
        3,
        3,
        null,
        null,
        null
      ],
      "/Users/Jeremyrrsmith/Coding-Projects/Training_Exercises/bowling_scorecard/spec/game_spec.rb": [
        1,
        null,
        1,
        1,
        1,
        1,
        1,
        1,
        null,
        null,
        null,
        1,
        1,
        1,
        1,
        1,
        null,
        null,
        1,
        1,
        1,
        1,
        1,
        null,
        null,
        null
      ]
    },
    "timestamp": 1561500165
  }
}
